<?xml version="1.0" encoding="UTF-8"?>
<testng-results ignored="0" total="1" passed="1" failed="0" skipped="0">
  <reporter-output>
  </reporter-output>
  <suite started-at="2022-02-24T16:22:44 UTC" name="Default suite" finished-at="2022-02-24T16:23:14 UTC" duration-ms="29958">
    <groups>
    </groups>
    <test started-at="2022-02-24T16:22:44 UTC" name="Default test" finished-at="2022-02-24T16:23:14 UTC" duration-ms="29958">
      <class name="com.eg.qa.testcases.LoginTest">
        <test-method is-config="true" signature="setup()[pri:0, instance:com.eg.qa.testcases.LoginTest@76b1e9b8]" started-at="2022-02-24T16:22:44 UTC" name="setup" finished-at="2022-02-24T16:23:10 UTC" duration-ms="25289" status="PASS">
          <reporter-output>
          </reporter-output>
        </test-method> <!-- setup -->
        <test-method signature="amazon_login()[pri:0, instance:com.eg.qa.testcases.LoginTest@76b1e9b8]" started-at="2022-02-24T16:23:10 UTC" name="amazon_login" finished-at="2022-02-24T16:23:13 UTC" duration-ms="3663" status="PASS">
          <reporter-output>
          </reporter-output>
        </test-method> <!-- amazon_login -->
        <test-method is-config="true" signature="teardown()[pri:0, instance:com.eg.qa.testcases.LoginTest@76b1e9b8]" started-at="2022-02-24T16:23:13 UTC" name="teardown" finished-at="2022-02-24T16:23:14 UTC" duration-ms="748" status="PASS">
          <reporter-output>
          </reporter-output>
        </test-method> <!-- teardown -->
      </class> <!-- com.eg.qa.testcases.LoginTest -->
    </test> <!-- Default test -->
  </suite> <!-- Default suite -->
</testng-results>
