<?xml version="1.0" encoding="UTF-8"?>
<!-- Generated by org.testng.reporters.JUnitXMLReporter -->
<testsuite ignored="0" hostname="WIN-2ID1Q97HU4Q" failures="0" tests="3" name="Surefire test" time="0.132" errors="0" timestamp="2022-02-15T06:48:26 UTC">
  <testcase classname="com.eg.qa.testcases.LoginTest" name="@BeforeMethod setup" time="0.031">
    <failure type="java.lang.NullPointerException" message="Cannot invoke &amp;quot;String.equals(Object)&amp;quot; because &amp;quot;browsername&amp;quot; is null">
      <![CDATA[java.lang.NullPointerException: Cannot invoke "String.equals(Object)" because "browsername" is null
at com.eg.qa.base.TestBase.initialization(TestBase.java:39)
at com.eg.qa.testcases.LoginTest.setup(LoginTest.java:21)
at java.base/java.util.ArrayList.forEach(ArrayList.java:1511)
... Removed 36 stack frames]]>
    </failure>
  </testcase> <!-- @BeforeMethod setup -->
  <testcase classname="com.eg.qa.testcases.LoginTest" name="@AfterMethod teardown" time="0.0">
    <skipped/>
  </testcase> <!-- @AfterMethod teardown -->
  <testcase classname="com.eg.qa.testcases.LoginTest" name="@BeforeMethod setup" time="0.0">
    <skipped/>
  </testcase> <!-- @BeforeMethod setup -->
  <testcase classname="com.eg.qa.testcases.LoginTest" name="@AfterMethod teardown" time="0.0">
    <skipped/>
  </testcase> <!-- @AfterMethod teardown -->
  <testcase classname="com.eg.qa.testcases.LoginTest" name="@BeforeMethod setup" time="0.0">
    <skipped/>
  </testcase> <!-- @BeforeMethod setup -->
  <testcase classname="com.eg.qa.testcases.LoginTest" name="@AfterMethod teardown" time="0.0">
    <skipped/>
  </testcase> <!-- @AfterMethod teardown -->
  <testcase classname="com.eg.qa.testcases.LoginTest" name="validatetitle" time="0.0">
    <skipped/>
  </testcase> <!-- validatetitle -->
  <testcase classname="com.eg.qa.testcases.LoginTest" name="validateeglogo" time="0.002">
    <skipped/>
  </testcase> <!-- validateeglogo -->
  <testcase classname="com.eg.qa.testcases.LoginTest" name="validatelogin" time="0.0">
    <skipped/>
  </testcase> <!-- validatelogin -->
</testsuite> <!-- Surefire test -->
