<?xml version="1.0" encoding="UTF-8"?>
<testsuite xmlns:xsi="http://www.w3.org/2001/XMLSchema-instance" xsi:noNamespaceSchemaLocation="https://maven.apache.org/surefire/maven-surefire-plugin/xsd/surefire-test-report.xsd" name="com.eg.qa.testcases.LoginTest" time="1.824" tests="9" errors="0" skipped="8" failures="1">
  <properties>
[...]
</properties>
  <testcase name="setup" classname="com.eg.qa.testcases.LoginTest" time="1.308">
    <failure message="Cannot invoke &quot;String.equals(Object)&quot; because &quot;browsername&quot; is null" type="java.lang.NullPointerException">java.lang.NullPointerException: Cannot invoke "String.equals(Object)" because "browsername" is null
	at com.eg.qa.testcases.LoginTest.setup(LoginTest.java:21)
</failure>
    <system-err><![CDATA[java.io.FileNotFoundException: C:\Users\Administrator\eclipse-workspace\SeleniumTestProject\src\main\ava\com\eg\qa\config\config.properties (The system cannot find the path specified)
	at java.base/java.io.FileInputStream.open0(Native Method)
	at java.base/java.io.FileInputStream.open(FileInputStream.java:216)
	at java.base/java.io.FileInputStream.<init>(FileInputStream.java:157)
	at java.base/java.io.FileInputStream.<init>(FileInputStream.java:111)
	at com.eg.qa.base.TestBase.<init>(TestBase.java:25)
	at com.eg.qa.testcases.LoginTest.<init>(LoginTest.java:16)
	at java.base/jdk.internal.reflect.NativeConstructorAccessorImpl.newInstance0(Native Method)
	at java.base/jdk.internal.reflect.NativeConstructorAccessorImpl.newInstance(NativeConstructorAccessorImpl.java:77)
	at java.base/jdk.internal.reflect.DelegatingConstructorAccessorImpl.newInstance(DelegatingConstructorAccessorImpl.java:45)
	at java.base/java.lang.reflect.Constructor.newInstanceWithCaller(Constructor.java:499)
	at java.base/java.lang.reflect.Constructor.newInstance(Constructor.java:480)
	at org.testng.internal.objects.InstanceCreator.newInstance(InstanceCreator.java:38)
	at org.testng.ITestObjectFactory.newInstance(ITestObjectFactory.java:18)
	at org.testng.internal.objects.SimpleObjectDispenser.instantiateUsingDefaultConstructor(SimpleObjectDispenser.java:178)
	at org.testng.internal.objects.SimpleObjectDispenser.createInstance(SimpleObjectDispenser.java:87)
	at org.testng.internal.objects.SimpleObjectDispenser.dispense(SimpleObjectDispenser.java:40)
	at org.testng.internal.objects.GuiceBasedObjectDispenser.dispense(GuiceBasedObjectDispenser.java:28)
	at org.testng.internal.ClassImpl.getDefaultInstance(ClassImpl.java:106)
	at org.testng.internal.ClassImpl.getInstances(ClassImpl.java:136)
	at org.testng.TestClass.getInstances(TestClass.java:129)
	at org.testng.TestClass.initTestClassesAndInstances(TestClass.java:109)
	at org.testng.TestClass.init(TestClass.java:101)
	at org.testng.TestClass.<init>(TestClass.java:66)
	at org.testng.TestRunner.initMethods(TestRunner.java:465)
	at org.testng.TestRunner.init(TestRunner.java:333)
	at org.testng.TestRunner.init(TestRunner.java:286)
	at org.testng.TestRunner.<init>(TestRunner.java:176)
	at org.testng.SuiteRunner$DefaultTestRunnerFactory.newTestRunner(SuiteRunner.java:635)
	at org.testng.SuiteRunner.init(SuiteRunner.java:221)
	at org.testng.SuiteRunner.<init>(SuiteRunner.java:114)
	at org.testng.TestNG.createSuiteRunner(TestNG.java:1342)
	at org.testng.TestNG.createSuiteRunners(TestNG.java:1318)
	at org.testng.TestNG.runSuitesLocally(TestNG.java:1160)
	at org.testng.TestNG.runSuites(TestNG.java:1092)
	at org.testng.TestNG.run(TestNG.java:1060)
	at org.apache.maven.surefire.testng.TestNGExecutor.run(TestNGExecutor.java:135)
	at org.apache.maven.surefire.testng.TestNGDirectoryTestSuite.executeSingleClass(TestNGDirectoryTestSuite.java:112)
	at org.apache.maven.surefire.testng.TestNGDirectoryTestSuite.execute(TestNGDirectoryTestSuite.java:99)
	at org.apache.maven.surefire.testng.TestNGProvider.invoke(TestNGProvider.java:146)
	at org.apache.maven.surefire.booter.ForkedBooter.invokeProviderInSameClassLoader(ForkedBooter.java:384)
	at org.apache.maven.surefire.booter.ForkedBooter.runSuitesInProcess(ForkedBooter.java:345)
	at org.apache.maven.surefire.booter.ForkedBooter.execute(ForkedBooter.java:126)
	at org.apache.maven.surefire.booter.ForkedBooter.main(ForkedBooter.java:418)
]]></system-err>
  </testcase>
  <testcase name="setup" classname="com.eg.qa.testcases.LoginTest" time="0">
    <skipped/>
  </testcase>
  <testcase name="setup" classname="com.eg.qa.testcases.LoginTest" time="0">
    <skipped/>
  </testcase>
  <testcase name="validatetitle" classname="com.eg.qa.testcases.LoginTest" time="0">
    <skipped message="Cannot invoke &quot;String.equals(Object)&quot; because &quot;browsername&quot; is null"/>
  </testcase>
  <testcase name="teardown" classname="com.eg.qa.testcases.LoginTest" time="0">
    <skipped/>
  </testcase>
  <testcase name="teardown" classname="com.eg.qa.testcases.LoginTest" time="0">
    <skipped/>
  </testcase>
  <testcase name="teardown" classname="com.eg.qa.testcases.LoginTest" time="0">
    <skipped/>
  </testcase>
  <testcase name="validateeglogo" classname="com.eg.qa.testcases.LoginTest" time="0">
    <skipped message="Cannot invoke &quot;String.equals(Object)&quot; because &quot;browsername&quot; is null"/>
  </testcase>
  <testcase name="validatelogin" classname="com.eg.qa.testcases.LoginTest" time="0">
    <skipped message="Cannot invoke &quot;String.equals(Object)&quot; because &quot;browsername&quot; is null"/>
  </testcase>
</testsuite>